{"uid":"9b19eac31424126e","name":"test_assets","fullName":"test_case.test_mandatory_scenarios.TestScenario#test_assets","historyId":"d4a14b794de6bc4d7437a83fb7d2a7b5","time":{"start":1728893476970,"stop":1728893515760,"duration":38790},"status":"broken","statusMessage":"selenium.common.exceptions.NoSuchElementException: Message: no such element: Unable to locate element: {\"method\":\"xpath\",\"selector\":\"//button[@aria-label=\"Open messaging window\"]\"}\n  (Session info: chrome=129.0.6668.100); For documentation on this error, please visit: https://www.selenium.dev/documentation/webdriver/troubleshooting/errors#no-such-element-exception\nStacktrace:\n0   chromedriver                        0x0000000100ba8500 cxxbridge1$str$ptr + 1917112\n1   chromedriver                        0x0000000100ba0890 cxxbridge1$str$ptr + 1885256\n2   chromedriver                        0x00000001007b0538 cxxbridge1$string$len + 89424\n3   chromedriver                        0x00000001007f4878 cxxbridge1$string$len + 368784\n4   chromedriver                        0x000000010082eb7c cxxbridge1$string$len + 607124\n5   chromedriver                        0x00000001007e9374 cxxbridge1$string$len + 322444\n6   chromedriver                        0x00000001007e9fc4 cxxbridge1$string$len + 325596\n7   chromedriver                        0x0000000100b6fd2c cxxbridge1$str$ptr + 1685732\n8   chromedriver                        0x0000000100b74530 cxxbridge1$str$ptr + 1704168\n9   chromedriver                        0x0000000100b54e08 cxxbridge1$str$ptr + 1575360\n10  chromedriver                        0x0000000100b74e00 cxxbridge1$str$ptr + 1706424\n11  chromedriver                        0x0000000100b45f94 cxxbridge1$str$ptr + 1514316\n12  chromedriver                        0x0000000100b9162c cxxbridge1$str$ptr + 1823204\n13  chromedriver                        0x0000000100b917ac cxxbridge1$str$ptr + 1823588\n14  chromedriver                        0x0000000100ba0530 cxxbridge1$str$ptr + 1884392\n15  libsystem_pthread.dylib             0x000000018b27f2e4 _pthread_start + 136\n16  libsystem_pthread.dylib             0x000000018b27a0fc thread_start + 8","statusTrace":"self = <test_mandatory_scenarios.TestScenario object at 0x118383580>\n\n    def test_assets(self):\n        self.login_page.logout()\n        self.assets_page.click_assets_button()\n        self.assets_page.click_setting_button()\n        self.account_page.click_support_menu(\"Announcement\")\n        self.logger.info(\"Announcement 선택 후 웹페이지 로딩을 위해 5초 대기\")\n        time.sleep(5)\n>       self.etc_page.click_open_messaging_windows()\n\ntest_case/test_mandatory_scenarios.py:54: \n_ _ _ _ _ _ _ _ _ _ _ _ _ _ _ _ _ _ _ _ _ _ _ _ _ _ _ _ _ _ _ _ _ _ _ _ _ _ _ _ _ _ _ _ _ _ _ _ _ _ _ _ _ \npage/etc_page.py:64: in click_open_messaging_windows\n    element = self.driver.find_element(By.XPATH, '//button[@aria-label=\"Open messaging window\"]')\n../.pyenv/versions/3.9.1/envs/assignment/lib/python3.9/site-packages/appium/webdriver/webdriver.py:382: in find_element\n    return self.execute(RemoteCommand.FIND_ELEMENT, {'using': by, 'value': value})['value']\n../.pyenv/versions/3.9.1/envs/assignment/lib/python3.9/site-packages/selenium/webdriver/remote/webdriver.py:354: in execute\n    self.error_handler.check_response(response)\n_ _ _ _ _ _ _ _ _ _ _ _ _ _ _ _ _ _ _ _ _ _ _ _ _ _ _ _ _ _ _ _ _ _ _ _ _ _ _ _ _ _ _ _ _ _ _ _ _ _ _ _ _ \n\nself = <appium.webdriver.errorhandler.MobileErrorHandler object at 0x11a882d90>\nresponse = {'status': 404, 'value': '{\"value\":{\"error\":\"no such element\",\"message\":\"no such element: Unable to locate element: {\\...00018b27f2e4 _pthread_start + 136\\\\n16  libsystem_pthread.dylib             0x000000018b27a0fc thread_start + 8\\\\n\"}}'}\n\n    def check_response(self, response: Dict[str, Any]) -> None:\n        \"\"\"\n        https://www.w3.org/TR/webdriver/#errors\n        \"\"\"\n        payload = response.get('value', '')\n        if isinstance(payload, dict):\n            payload_dict = payload\n        else:\n            try:\n                payload_dict = json.loads(payload)\n            except (json.JSONDecodeError, TypeError):\n                return\n            if not isinstance(payload_dict, dict):\n                return\n        value = payload_dict.get('value')\n        if not isinstance(value, dict):\n            return\n        error = value.get('error')\n        if not error:\n            return\n    \n        message = value.get('message', error)\n        stacktrace = value.get('stacktrace', '')\n        # In theory, we should also be checking HTTP status codes.\n        # Java client, for example, prints a warning if the actual `error`\n        # value does not match to the response's HTTP status code.\n        exception_class: Type[sel_exceptions.WebDriverException] = ERROR_TO_EXC_MAPPING.get(\n            error, sel_exceptions.WebDriverException\n        )\n        if exception_class is sel_exceptions.WebDriverException and message:\n            if message == 'No such context found.':\n                exception_class = appium_exceptions.NoSuchContextException\n            elif message == 'That command could not be executed in the current context.':\n                exception_class = appium_exceptions.InvalidSwitchToTargetException\n    \n        if exception_class is sel_exceptions.UnexpectedAlertPresentException:\n            raise sel_exceptions.UnexpectedAlertPresentException(\n                msg=message,\n                stacktrace=format_stacktrace(stacktrace),\n                alert_text=value.get('data'),\n            )\n>       raise exception_class(msg=message, stacktrace=format_stacktrace(stacktrace))\nE       selenium.common.exceptions.NoSuchElementException: Message: no such element: Unable to locate element: {\"method\":\"xpath\",\"selector\":\"//button[@aria-label=\"Open messaging window\"]\"}\nE         (Session info: chrome=129.0.6668.100); For documentation on this error, please visit: https://www.selenium.dev/documentation/webdriver/troubleshooting/errors#no-such-element-exception\nE       Stacktrace:\nE       0   chromedriver                        0x0000000100ba8500 cxxbridge1$str$ptr + 1917112\nE       1   chromedriver                        0x0000000100ba0890 cxxbridge1$str$ptr + 1885256\nE       2   chromedriver                        0x00000001007b0538 cxxbridge1$string$len + 89424\nE       3   chromedriver                        0x00000001007f4878 cxxbridge1$string$len + 368784\nE       4   chromedriver                        0x000000010082eb7c cxxbridge1$string$len + 607124\nE       5   chromedriver                        0x00000001007e9374 cxxbridge1$string$len + 322444\nE       6   chromedriver                        0x00000001007e9fc4 cxxbridge1$string$len + 325596\nE       7   chromedriver                        0x0000000100b6fd2c cxxbridge1$str$ptr + 1685732\nE       8   chromedriver                        0x0000000100b74530 cxxbridge1$str$ptr + 1704168\nE       9   chromedriver                        0x0000000100b54e08 cxxbridge1$str$ptr + 1575360\nE       10  chromedriver                        0x0000000100b74e00 cxxbridge1$str$ptr + 1706424\nE       11  chromedriver                        0x0000000100b45f94 cxxbridge1$str$ptr + 1514316\nE       12  chromedriver                        0x0000000100b9162c cxxbridge1$str$ptr + 1823204\nE       13  chromedriver                        0x0000000100b917ac cxxbridge1$str$ptr + 1823588\nE       14  chromedriver                        0x0000000100ba0530 cxxbridge1$str$ptr + 1884392\nE       15  libsystem_pthread.dylib             0x000000018b27f2e4 _pthread_start + 136\nE       16  libsystem_pthread.dylib             0x000000018b27a0fc thread_start + 8\n\n../.pyenv/versions/3.9.1/envs/assignment/lib/python3.9/site-packages/appium/webdriver/errorhandler.py:125: NoSuchElementException","flaky":false,"newFailed":false,"newBroken":false,"newPassed":false,"retriesCount":0,"retriesStatusChange":false,"beforeStages":[{"name":"rp_logger","time":{"start":1728893253378,"stop":1728893253378,"duration":0},"status":"passed","steps":[],"attachments":[],"parameters":[],"stepsCount":0,"hasContent":false,"shouldDisplayMessage":false,"attachmentsCount":0,"attachmentStep":false},{"name":"os_type","time":{"start":1728893253378,"stop":1728893253378,"duration":0},"status":"passed","steps":[],"attachments":[],"parameters":[],"stepsCount":0,"hasContent":false,"shouldDisplayMessage":false,"attachmentsCount":0,"attachmentStep":false},{"name":"appium_server","time":{"start":1728893253378,"stop":1728893263397,"duration":10019},"status":"passed","steps":[],"attachments":[],"parameters":[],"stepsCount":0,"hasContent":false,"shouldDisplayMessage":false,"attachmentsCount":0,"attachmentStep":false},{"name":"driver","time":{"start":1728893473808,"stop":1728893476837,"duration":3029},"status":"passed","steps":[],"attachments":[],"parameters":[],"stepsCount":0,"hasContent":false,"shouldDisplayMessage":false,"attachmentsCount":0,"attachmentStep":false},{"name":"setup","time":{"start":1728893476837,"stop":1728893476969,"duration":132},"status":"passed","steps":[],"attachments":[],"parameters":[],"stepsCount":0,"hasContent":false,"shouldDisplayMessage":false,"attachmentsCount":0,"attachmentStep":false}],"testStage":{"status":"broken","statusMessage":"selenium.common.exceptions.NoSuchElementException: Message: no such element: Unable to locate element: {\"method\":\"xpath\",\"selector\":\"//button[@aria-label=\"Open messaging window\"]\"}\n  (Session info: chrome=129.0.6668.100); For documentation on this error, please visit: https://www.selenium.dev/documentation/webdriver/troubleshooting/errors#no-such-element-exception\nStacktrace:\n0   chromedriver                        0x0000000100ba8500 cxxbridge1$str$ptr + 1917112\n1   chromedriver                        0x0000000100ba0890 cxxbridge1$str$ptr + 1885256\n2   chromedriver                        0x00000001007b0538 cxxbridge1$string$len + 89424\n3   chromedriver                        0x00000001007f4878 cxxbridge1$string$len + 368784\n4   chromedriver                        0x000000010082eb7c cxxbridge1$string$len + 607124\n5   chromedriver                        0x00000001007e9374 cxxbridge1$string$len + 322444\n6   chromedriver                        0x00000001007e9fc4 cxxbridge1$string$len + 325596\n7   chromedriver                        0x0000000100b6fd2c cxxbridge1$str$ptr + 1685732\n8   chromedriver                        0x0000000100b74530 cxxbridge1$str$ptr + 1704168\n9   chromedriver                        0x0000000100b54e08 cxxbridge1$str$ptr + 1575360\n10  chromedriver                        0x0000000100b74e00 cxxbridge1$str$ptr + 1706424\n11  chromedriver                        0x0000000100b45f94 cxxbridge1$str$ptr + 1514316\n12  chromedriver                        0x0000000100b9162c cxxbridge1$str$ptr + 1823204\n13  chromedriver                        0x0000000100b917ac cxxbridge1$str$ptr + 1823588\n14  chromedriver                        0x0000000100ba0530 cxxbridge1$str$ptr + 1884392\n15  libsystem_pthread.dylib             0x000000018b27f2e4 _pthread_start + 136\n16  libsystem_pthread.dylib             0x000000018b27a0fc thread_start + 8","statusTrace":"self = <test_mandatory_scenarios.TestScenario object at 0x118383580>\n\n    def test_assets(self):\n        self.login_page.logout()\n        self.assets_page.click_assets_button()\n        self.assets_page.click_setting_button()\n        self.account_page.click_support_menu(\"Announcement\")\n        self.logger.info(\"Announcement 선택 후 웹페이지 로딩을 위해 5초 대기\")\n        time.sleep(5)\n>       self.etc_page.click_open_messaging_windows()\n\ntest_case/test_mandatory_scenarios.py:54: \n_ _ _ _ _ _ _ _ _ _ _ _ _ _ _ _ _ _ _ _ _ _ _ _ _ _ _ _ _ _ _ _ _ _ _ _ _ _ _ _ _ _ _ _ _ _ _ _ _ _ _ _ _ \npage/etc_page.py:64: in click_open_messaging_windows\n    element = self.driver.find_element(By.XPATH, '//button[@aria-label=\"Open messaging window\"]')\n../.pyenv/versions/3.9.1/envs/assignment/lib/python3.9/site-packages/appium/webdriver/webdriver.py:382: in find_element\n    return self.execute(RemoteCommand.FIND_ELEMENT, {'using': by, 'value': value})['value']\n../.pyenv/versions/3.9.1/envs/assignment/lib/python3.9/site-packages/selenium/webdriver/remote/webdriver.py:354: in execute\n    self.error_handler.check_response(response)\n_ _ _ _ _ _ _ _ _ _ _ _ _ _ _ _ _ _ _ _ _ _ _ _ _ _ _ _ _ _ _ _ _ _ _ _ _ _ _ _ _ _ _ _ _ _ _ _ _ _ _ _ _ \n\nself = <appium.webdriver.errorhandler.MobileErrorHandler object at 0x11a882d90>\nresponse = {'status': 404, 'value': '{\"value\":{\"error\":\"no such element\",\"message\":\"no such element: Unable to locate element: {\\...00018b27f2e4 _pthread_start + 136\\\\n16  libsystem_pthread.dylib             0x000000018b27a0fc thread_start + 8\\\\n\"}}'}\n\n    def check_response(self, response: Dict[str, Any]) -> None:\n        \"\"\"\n        https://www.w3.org/TR/webdriver/#errors\n        \"\"\"\n        payload = response.get('value', '')\n        if isinstance(payload, dict):\n            payload_dict = payload\n        else:\n            try:\n                payload_dict = json.loads(payload)\n            except (json.JSONDecodeError, TypeError):\n                return\n            if not isinstance(payload_dict, dict):\n                return\n        value = payload_dict.get('value')\n        if not isinstance(value, dict):\n            return\n        error = value.get('error')\n        if not error:\n            return\n    \n        message = value.get('message', error)\n        stacktrace = value.get('stacktrace', '')\n        # In theory, we should also be checking HTTP status codes.\n        # Java client, for example, prints a warning if the actual `error`\n        # value does not match to the response's HTTP status code.\n        exception_class: Type[sel_exceptions.WebDriverException] = ERROR_TO_EXC_MAPPING.get(\n            error, sel_exceptions.WebDriverException\n        )\n        if exception_class is sel_exceptions.WebDriverException and message:\n            if message == 'No such context found.':\n                exception_class = appium_exceptions.NoSuchContextException\n            elif message == 'That command could not be executed in the current context.':\n                exception_class = appium_exceptions.InvalidSwitchToTargetException\n    \n        if exception_class is sel_exceptions.UnexpectedAlertPresentException:\n            raise sel_exceptions.UnexpectedAlertPresentException(\n                msg=message,\n                stacktrace=format_stacktrace(stacktrace),\n                alert_text=value.get('data'),\n            )\n>       raise exception_class(msg=message, stacktrace=format_stacktrace(stacktrace))\nE       selenium.common.exceptions.NoSuchElementException: Message: no such element: Unable to locate element: {\"method\":\"xpath\",\"selector\":\"//button[@aria-label=\"Open messaging window\"]\"}\nE         (Session info: chrome=129.0.6668.100); For documentation on this error, please visit: https://www.selenium.dev/documentation/webdriver/troubleshooting/errors#no-such-element-exception\nE       Stacktrace:\nE       0   chromedriver                        0x0000000100ba8500 cxxbridge1$str$ptr + 1917112\nE       1   chromedriver                        0x0000000100ba0890 cxxbridge1$str$ptr + 1885256\nE       2   chromedriver                        0x00000001007b0538 cxxbridge1$string$len + 89424\nE       3   chromedriver                        0x00000001007f4878 cxxbridge1$string$len + 368784\nE       4   chromedriver                        0x000000010082eb7c cxxbridge1$string$len + 607124\nE       5   chromedriver                        0x00000001007e9374 cxxbridge1$string$len + 322444\nE       6   chromedriver                        0x00000001007e9fc4 cxxbridge1$string$len + 325596\nE       7   chromedriver                        0x0000000100b6fd2c cxxbridge1$str$ptr + 1685732\nE       8   chromedriver                        0x0000000100b74530 cxxbridge1$str$ptr + 1704168\nE       9   chromedriver                        0x0000000100b54e08 cxxbridge1$str$ptr + 1575360\nE       10  chromedriver                        0x0000000100b74e00 cxxbridge1$str$ptr + 1706424\nE       11  chromedriver                        0x0000000100b45f94 cxxbridge1$str$ptr + 1514316\nE       12  chromedriver                        0x0000000100b9162c cxxbridge1$str$ptr + 1823204\nE       13  chromedriver                        0x0000000100b917ac cxxbridge1$str$ptr + 1823588\nE       14  chromedriver                        0x0000000100ba0530 cxxbridge1$str$ptr + 1884392\nE       15  libsystem_pthread.dylib             0x000000018b27f2e4 _pthread_start + 136\nE       16  libsystem_pthread.dylib             0x000000018b27a0fc thread_start + 8\n\n../.pyenv/versions/3.9.1/envs/assignment/lib/python3.9/site-packages/appium/webdriver/errorhandler.py:125: NoSuchElementException","steps":[],"attachments":[{"uid":"16373316d5a46064","name":"log","source":"16373316d5a46064.txt","type":"text/plain","size":1020},{"uid":"9940b89feb50e701","name":"stdout","source":"9940b89feb50e701.txt","type":"text/plain","size":97}],"parameters":[],"stepsCount":0,"hasContent":true,"shouldDisplayMessage":true,"attachmentsCount":2,"attachmentStep":false},"afterStages":[{"name":"driver::0","time":{"start":1728893515786,"stop":1728893516566,"duration":780},"status":"passed","steps":[],"attachments":[],"parameters":[],"stepsCount":0,"hasContent":false,"shouldDisplayMessage":false,"attachmentsCount":0,"attachmentStep":false},{"name":"appium_server::0","time":{"start":1728893516568,"stop":1728893516584,"duration":16},"status":"passed","steps":[],"attachments":[],"parameters":[],"stepsCount":0,"hasContent":false,"shouldDisplayMessage":false,"attachmentsCount":0,"attachmentStep":false}],"labels":[{"name":"parentSuite","value":"test_case"},{"name":"suite","value":"test_mandatory_scenarios"},{"name":"subSuite","value":"TestScenario"},{"name":"host","value":"gimgitaeui-MacBookPro.local"},{"name":"thread","value":"63751-MainThread"},{"name":"framework","value":"pytest"},{"name":"language","value":"cpython3"},{"name":"package","value":"test_case.test_mandatory_scenarios"},{"name":"resultFormat","value":"allure2"}],"parameters":[],"links":[],"hidden":false,"retry":false,"extra":{"severity":"normal","retries":[],"categories":[{"name":"Test defects","matchedStatuses":[],"flaky":false}],"tags":[]},"source":"9b19eac31424126e.json","parameterValues":[]}