{"uid":"4b4757e66a1912dae1a509f688f20b0f","name":"categories","children":[{"name":"Product defects","children":[{"name":"AssertionError: assets 리스트 데이터 유효성 검사\nassert False\n +  where False = is_valid_deposit_crypto_list()\n +    where is_valid_deposit_crypto_list = <page.assets_page.AssetsPage object at 0x106a9b5e0>.is_valid_deposit_crypto_list\n +      where <page.assets_page.AssetsPage object at 0x106a9b5e0> = <test_balance_wallete_scenario_.TestScenario object at 0x106a16070>.assets_page","children":[{"name":"test_deposit_crypto","uid":"b39c0e4a7f7b54cb","parentUid":"878754d539f59698dc3e741b5a21c89d","status":"failed","time":{"start":1728655985736,"stop":1728656004472,"duration":18736},"flaky":false,"newFailed":false,"newPassed":false,"newBroken":false,"retriesCount":1,"retriesStatusChange":false,"parameters":[],"tags":[]}],"uid":"878754d539f59698dc3e741b5a21c89d"}],"uid":"8fb3a91ba5aaf9de24cc8a92edc82b5d"},{"name":"Test defects","children":[{"name":"selenium.common.exceptions.StaleElementReferenceException: Message: The previously found element \"\"chevron-down\" Image\" is not present in the current view anymore. Make sure the application UI has the expected state. You could also try to switch the binding strategy using the 'boundElementsByIndex' setting for the element lookup. Original error: No matches found for Identity Binding from input {(\n    Image, {{134.7, 201.0}, {20.0, 20.0}}, label: 'chevron-down'\n)}; For documentation on this error, please visit: https://www.selenium.dev/documentation/webdriver/troubleshooting/errors#stale-element-reference-exception\nStacktrace:\nStaleElementReferenceError: The previously found element \"\"chevron-down\" Image\" is not present in the current view anymore. Make sure the application UI has the expected state. You could also try to switch the binding strategy using the 'boundElementsByIndex' setting for the element lookup. Original error: No matches found for Identity Binding from input {(\n    Image, {{134.7, 201.0}, {20.0, 20.0}}, label: 'chevron-down'\n)}\n    at errorFromW3CJsonCode (/Users/kimkitae/.appium/node_modules/appium-xcuitest-driver/node_modules/@appium/base-driver/lib/protocol/errors.js:1112:25)\n    at ProxyRequestError.getActualError (/Users/kimkitae/.appium/node_modules/appium-xcuitest-driver/node_modules/@appium/base-driver/lib/protocol/errors.js:981:14)\n    at JWProxy.proxyReqRes (/Users/kimkitae/.appium/node_modules/appium-xcuitest-driver/node_modules/@appium/base-driver/lib/jsonwp-proxy/proxy.js:410:58)\n    at processTicksAndRejections (node:internal/process/task_queues:105:5)","children":[{"name":"test_earn","uid":"d6847f380a590f14","parentUid":"274bf4ef085cc4d9444dba225fc66ae1","status":"broken","time":{"start":1728656039290,"stop":1728656043912,"duration":4622},"flaky":false,"newFailed":false,"newPassed":false,"newBroken":false,"retriesCount":1,"retriesStatusChange":false,"parameters":[],"tags":[]}],"uid":"274bf4ef085cc4d9444dba225fc66ae1"}],"uid":"bdbf199525818fae7a8651db9eafe741"}]}